# JRE version: Java(TM) SE Runtime Environment (8.0_111-b14) (build 1.8.0_111-b14)
# Java VM: Java HotSpot(TM) 64-Bit Server VM (25.111-b14 mixed mode windows-amd64 compressed oops)
Heap:
 PSYoungGen      total 499200K, used 26111K [0x000000076b700000, 0x00000007a4300000, 0x00000007c0000000)
  eden space 481792K, 5% used [0x000000076b700000,0x000000076d07ff18,0x0000000788d80000)
  from space 17408K, 0% used [0x0000000788d80000,0x0000000788d80000,0x0000000789e80000)
  to   space 20480K, 0% used [0x00000007a2f00000,0x00000007a2f00000,0x00000007a4300000)
 ParOldGen       total 82432K, used 27563K [0x00000006c2400000, 0x00000006c7480000, 0x000000076b700000)
  object space 82432K, 33% used [0x00000006c2400000,0x00000006c3eeac38,0x00000006c7480000)
 Metaspace       used 36221K, capacity 36732K, committed 36940K, reserved 1081344K
  class space    used 4474K, capacity 4605K, committed 4684K, reserved 1048576K
GC Heap History (10 events):
Event: 6.393 GC heap before
{Heap before GC invocations=5 (full 1):
 PSYoungGen      total 270848K, used 9103K [0x000000076b700000, 0x000000077ca00000, 0x00000007c0000000)
  eden space 260096K, 0% used [0x000000076b700000,0x000000076b700000,0x000000077b500000)
  from space 10752K, 84% used [0x000000077bf80000,0x000000077c863fe8,0x000000077ca00000)
  to   space 10752K, 0% used [0x000000077b500000,0x000000077b500000,0x000000077bf80000)
 ParOldGen       total 173568K, used 1612K [0x00000006c2400000, 0x00000006ccd80000, 0x000000076b700000)
  object space 173568K, 0% used [0x00000006c2400000,0x00000006c2593148,0x00000006ccd80000)
 Metaspace       used 21238K, capacity 21516K, committed 21628K, reserved 1069056K
  class space    used 2618K, capacity 2711K, committed 2764K, reserved 1048576K
Event: 6.463 GC heap after
Heap after GC invocations=5 (full 1):
 PSYoungGen      total 270848K, used 0K [0x000000076b700000, 0x000000077ca00000, 0x00000007c0000000)
  eden space 260096K, 0% used [0x000000076b700000,0x000000076b700000,0x000000077b500000)
  from space 10752K, 0% used [0x000000077bf80000,0x000000077bf80000,0x000000077ca00000)
  to   space 10752K, 0% used [0x000000077b500000,0x000000077b500000,0x000000077bf80000)
 ParOldGen       total 82432K, used 9001K [0x00000006c2400000, 0x00000006c7480000, 0x000000076b700000)
  object space 82432K, 10% used [0x00000006c2400000,0x00000006c2cca688,0x00000006c7480000)
 Metaspace       used 21238K, capacity 21516K, committed 21628K, reserved 1069056K
  class space    used 2618K, capacity 2711K, committed 2764K, reserved 1048576K
}
Event: 10.125 GC heap before
{Heap before GC invocations=6 (full 1):
 PSYoungGen      total 270848K, used 260096K [0x000000076b700000, 0x000000077ca00000, 0x00000007c0000000)
  eden space 260096K, 100% used [0x000000076b700000,0x000000077b500000,0x000000077b500000)
  from space 10752K, 0% used [0x000000077bf80000,0x000000077bf80000,0x000000077ca00000)
  to   space 10752K, 0% used [0x000000077b500000,0x000000077b500000,0x000000077bf80000)
 ParOldGen       total 82432K, used 9011K [0x00000006c2400000, 0x00000006c7480000, 0x000000076b700000)
  object space 82432K, 10% used [0x00000006c2400000,0x00000006c2ccce90,0x00000006c7480000)
 Metaspace       used 26796K, capacity 27128K, committed 27212K, reserved 1073152K
  class space    used 3315K, capacity 3387K, committed 3404K, reserved 1048576K
Event: 10.152 GC heap after
Heap after GC invocations=6 (full 1):
 PSYoungGen      total 270848K, used 10737K [0x000000076b700000, 0x000000078ad80000, 0x00000007c0000000)
  eden space 260096K, 0% used [0x000000076b700000,0x000000076b700000,0x000000077b500000)
  from space 10752K, 99% used [0x000000077b500000,0x000000077bf7c6c8,0x000000077bf80000)
  to   space 13312K, 0% used [0x000000078a080000,0x000000078a080000,0x000000078ad80000)
 ParOldGen       total 82432K, used 9079K [0x00000006c2400000, 0x00000006c7480000, 0x000000076b700000)
  object space 82432K, 11% used [0x00000006c2400000,0x00000006c2cddd98,0x00000006c7480000)
 Metaspace       used 26796K, capacity 27128K, committed 27212K, reserved 1073152K
  class space    used 3315K, capacity 3387K, committed 3404K, reserved 1048576K
}
Event: 14.922 GC heap before
{Heap before GC invocations=7 (full 1):
 PSYoungGen      total 270848K, used 270833K [0x000000076b700000, 0x000000078ad80000, 0x00000007c0000000)
  eden space 260096K, 100% used [0x000000076b700000,0x000000077b500000,0x000000077b500000)
  from space 10752K, 99% used [0x000000077b500000,0x000000077bf7c6c8,0x000000077bf80000)
  to   space 13312K, 0% used [0x000000078a080000,0x000000078a080000,0x000000078ad80000)
 ParOldGen       total 82432K, used 9079K [0x00000006c2400000, 0x00000006c7480000, 0x000000076b700000)
  object space 82432K, 11% used [0x00000006c2400000,0x00000006c2cddd98,0x00000006c7480000)
 Metaspace       used 33037K, capacity 33406K, committed 33740K, reserved 1079296K
  class space    used 4088K, capacity 4204K, committed 4300K, reserved 1048576K
Event: 15.017 GC heap after
Heap after GC invocations=7 (full 1):
 PSYoungGen      total 495104K, used 13307K [0x000000076b700000, 0x000000078af80000, 0x00000007c0000000)
  eden space 481792K, 0% used [0x000000076b700000,0x000000076b700000,0x0000000788d80000)
  from space 13312K, 99% used [0x000000078a080000,0x000000078ad7ec30,0x000000078ad80000)
  to   space 17408K, 0% used [0x0000000788d80000,0x0000000788d80000,0x0000000789e80000)
 ParOldGen       total 82432K, used 13964K [0x00000006c2400000, 0x00000006c7480000, 0x000000076b700000)
  object space 82432K, 16% used [0x00000006c2400000,0x00000006c31a3008,0x00000006c7480000)
 Metaspace       used 33037K, capacity 33406K, committed 33740K, reserved 1079296K
  class space    used 4088K, capacity 4204K, committed 4300K, reserved 1048576K
}
Event: 18.122 GC heap before
{Heap before GC invocations=8 (full 1):
 PSYoungGen      total 495104K, used 168208K [0x000000076b700000, 0x000000078af80000, 0x00000007c0000000)
  eden space 481792K, 32% used [0x000000076b700000,0x0000000774e457a8,0x0000000788d80000)
  from space 13312K, 99% used [0x000000078a080000,0x000000078ad7ec30,0x000000078ad80000)
  to   space 17408K, 0% used [0x0000000788d80000,0x0000000788d80000,0x0000000789e80000)
 ParOldGen       total 82432K, used 13964K [0x00000006c2400000, 0x00000006c7480000, 0x000000076b700000)
  object space 82432K, 16% used [0x00000006c2400000,0x00000006c31a3008,0x00000006c7480000)
 Metaspace       used 35474K, capacity 35956K, committed 36044K, reserved 1081344K
  class space    used 4383K, capacity 4501K, committed 4556K, reserved 1048576K
Event: 18.282 GC heap after
Heap after GC invocations=8 (full 1):
 PSYoungGen      total 499200K, used 17403K [0x000000076b700000, 0x00000007a4300000, 0x00000007c0000000)
  eden space 481792K, 0% used [0x000000076b700000,0x000000076b700000,0x0000000788d80000)
  from space 17408K, 99% used [0x0000000788d80000,0x0000000789e7ec30,0x0000000789e80000)
  to   space 20480K, 0% used [0x00000007a2f00000,0x00000007a2f00000,0x00000007a4300000)
 ParOldGen       total 82432K, used 15302K [0x00000006c2400000, 0x00000006c7480000, 0x000000076b700000)
  object space 82432K, 18% used [0x00000006c2400000,0x00000006c32f1ba8,0x00000006c7480000)
 Metaspace       used 35474K, capacity 35956K, committed 36044K, reserved 1081344K
  class space    used 4383K, capacity 4501K, committed 4556K, reserved 1048576K
}
Event: 18.282 GC heap before
{Heap before GC invocations=9 (full 2):
 PSYoungGen      total 499200K, used 17403K [0x000000076b700000, 0x00000007a4300000, 0x00000007c0000000)
  eden space 481792K, 0% used [0x000000076b700000,0x000000076b700000,0x0000000788d80000)
  from space 17408K, 99% used [0x0000000788d80000,0x0000000789e7ec30,0x0000000789e80000)
  to   space 20480K, 0% used [0x00000007a2f00000,0x00000007a2f00000,0x00000007a4300000)
 ParOldGen       total 82432K, used 15302K [0x00000006c2400000, 0x00000006c7480000, 0x000000076b700000)
  object space 82432K, 18% used [0x00000006c2400000,0x00000006c32f1ba8,0x00000006c7480000)
 Metaspace       used 35474K, capacity 35956K, committed 36044K, reserved 1081344K
  class space    used 4383K, capacity 4501K, committed 4556K, reserved 1048576K
Event: 18.586 GC heap after
Heap after GC invocations=9 (full 2):
 PSYoungGen      total 499200K, used 0K [0x000000076b700000, 0x00000007a4300000, 0x00000007c0000000)
  eden space 481792K, 0% used [0x000000076b700000,0x000000076b700000,0x0000000788d80000)
  from space 17408K, 0% used [0x0000000788d80000,0x0000000788d80000,0x0000000789e80000)
  to   space 20480K, 0% used [0x00000007a2f00000,0x00000007a2f00000,0x00000007a4300000)
 ParOldGen       total 82432K, used 27563K [0x00000006c2400000, 0x00000006c7480000, 0x000000076b700000)
  object space 82432K, 33% used [0x00000006c2400000,0x00000006c3eeac38,0x00000006c7480000)
 Metaspace       used 35474K, capacity 35956K, committed 36044K, reserved 1081344K
  class space    used 4383K, capacity 4501K, committed 4556K, reserved 1048576K
}

